================================
Server Moniter Started
Date: Thu Apr  2 04:08:55 UTC 2026
================================
Disk Usage: 5%
Disk sapce is Normal
==================================
Moniter Complete!
==================================
================================
Server Moniter Started
Date: Thu Apr  2 04:20:12 UTC 2026
================================
Disk Usage: 5%
Disk sapce is Normal
Memory Usage: %
MEMORY is NORMAL
Moniter Complete!
==================================
================================
Server Moniter Started
Date: Thu Apr  2 04:22:06 UTC 2026
================================
Disk Usage: 5%
Disk sapce is Normal
Memory Usage: %
MEMORY is NORMAL
Moniter Complete!
==================================
================================
Server Moniter Started
Date: Thu Apr  2 04:23:17 UTC 2026
================================
Disk Usage: 5%
Disk sapce is Normal
Memory Usage: %
MEMORY is NORMAL
Moniter Complete!
==================================
================================
Server Moniter Started
Date: Thu Apr  2 04:30:02 UTC 2026
================================
Disk Usage: 5%
Disk sapce is Normal
Memory Usage: %
MEMORY is NORMAL
Moniter Complete!
==================================
================================
Server Moniter Started
Date: Thu Apr  2 04:30:42 UTC 2026
================================
Disk Usage: 5%
Disk sapce is Normal
Memory Usage: %
MEMORY is NORMAL
Moniter Complete!
==================================
================================
Server Moniter Started
Date: Thu Apr  2 04:31:45 UTC 2026
================================
Disk Usage: 5%
Disk sapce is Normal
Memory Usage: %
MEMORY is NORMAL
Moniter Complete!
==================================
================================
Server Moniter Started
Date: Thu Apr  2 04:33:09 UTC 2026
================================
Disk Usage: 5%
Disk sapce is Normal
Memory Usage: %
MEMORY is NORMAL
Moniter Complete!
==================================
================================
Server Moniter Started
Date: Thu Apr  2 04:34:56 UTC 2026
================================
Disk Usage: 5%
Disk sapce is Normal
Memory Usage: 8%
MEMORY is NORMAL
Moniter Complete!
==================================
================================
Server Moniter Started
Date: Thu Apr  2 04:35:25 UTC 2026
================================
Disk Usage: 5%
Disk sapce is Normal
Memory Usage: 8%
MEMORY is NORMAL
Moniter Complete!
==================================
